c:\users\muhammad ghazi\source\repos\project\cppclr_winforms_gui3\cppclr_winforms_gui3\x64\debug\cppclr_winforms_gui3.pch
c:\users\muhammad ghazi\source\repos\project\cppclr_winforms_gui3\cppclr_winforms_gui3\x64\debug\vc143.pdb
c:\users\muhammad ghazi\source\repos\project\cppclr_winforms_gui3\cppclr_winforms_gui3\x64\debug\pch.obj
c:\users\muhammad ghazi\source\repos\project\cppclr_winforms_gui3\cppclr_winforms_gui3\x64\debug\patientmanager.obj
c:\users\muhammad ghazi\source\repos\project\cppclr_winforms_gui3\cppclr_winforms_gui3\x64\debug\form1.obj
c:\users\muhammad ghazi\source\repos\project\cppclr_winforms_gui3\cppclr_winforms_gui3\x64\debug\doctormanager.obj
c:\users\muhammad ghazi\source\repos\project\cppclr_winforms_gui3\cppclr_winforms_gui3\x64\debug\cppclr_winformsproject.obj
c:\users\muhammad ghazi\source\repos\project\cppclr_winforms_gui3\cppclr_winforms_gui3\x64\debug\assemblyinfo.obj
c:\users\muhammad ghazi\source\repos\project\cppclr_winforms_gui3\cppclr_winforms_gui3\x64\debug\.netframework,version=v4.7.2.assemblyattributes.obj
c:\users\muhammad ghazi\source\repos\project\cppclr_winforms_gui3\x64\debug\cppclr_winforms_gui3.exe
c:\users\muhammad ghazi\source\repos\project\cppclr_winforms_gui3\x64\debug\cppclr_winforms_gui3.pdb
c:\users\muhammad ghazi\source\repos\project\cppclr_winforms_gui3\cppclr_winforms_gui3\x64\debug\app.res
c:\users\muhammad ghazi\source\repos\project\cppclr_winforms_gui3\cppclr_winforms_gui3\x64\debug\cppclr_w.290cbbab.tlog\cl.command.1.tlog
c:\users\muhammad ghazi\source\repos\project\cppclr_winforms_gui3\cppclr_winforms_gui3\x64\debug\cppclr_w.290cbbab.tlog\cl.items.tlog
c:\users\muhammad ghazi\source\repos\project\cppclr_winforms_gui3\cppclr_winforms_gui3\x64\debug\cppclr_w.290cbbab.tlog\cl.read.1.tlog
c:\users\muhammad ghazi\source\repos\project\cppclr_winforms_gui3\cppclr_winforms_gui3\x64\debug\cppclr_w.290cbbab.tlog\cl.write.1.tlog
c:\users\muhammad ghazi\source\repos\project\cppclr_winforms_gui3\cppclr_winforms_gui3\x64\debug\cppclr_w.290cbbab.tlog\link.command.1.tlog
c:\users\muhammad ghazi\source\repos\project\cppclr_winforms_gui3\cppclr_winforms_gui3\x64\debug\cppclr_w.290cbbab.tlog\link.read.1.tlog
c:\users\muhammad ghazi\source\repos\project\cppclr_winforms_gui3\cppclr_winforms_gui3\x64\debug\cppclr_w.290cbbab.tlog\link.secondary.1.tlog
c:\users\muhammad ghazi\source\repos\project\cppclr_winforms_gui3\cppclr_winforms_gui3\x64\debug\cppclr_w.290cbbab.tlog\link.write.1.tlog
c:\users\muhammad ghazi\source\repos\project\cppclr_winforms_gui3\cppclr_winforms_gui3\x64\debug\cppclr_w.290cbbab.tlog\metagen.read.1.tlog
c:\users\muhammad ghazi\source\repos\project\cppclr_winforms_gui3\cppclr_winforms_gui3\x64\debug\cppclr_w.290cbbab.tlog\metagen.write.1.tlog
c:\users\muhammad ghazi\source\repos\project\cppclr_winforms_gui3\cppclr_winforms_gui3\x64\debug\cppclr_w.290cbbab.tlog\rc.command.1.tlog
c:\users\muhammad ghazi\source\repos\project\cppclr_winforms_gui3\cppclr_winforms_gui3\x64\debug\cppclr_w.290cbbab.tlog\rc.read.1.tlog
c:\users\muhammad ghazi\source\repos\project\cppclr_winforms_gui3\cppclr_winforms_gui3\x64\debug\cppclr_w.290cbbab.tlog\rc.write.1.tlog
c:\users\muhammad ghazi\source\repos\project\cppclr_winforms_gui3\cppclr_winforms_gui3\x64\debug\cppclr_w.290cbbab.tlog\resgen.command.1.tlog
c:\users\muhammad ghazi\source\repos\project\cppclr_winforms_gui3\cppclr_winforms_gui3\x64\debug\cppclr_w.290cbbab.tlog\resgen.read.1.tlog
c:\users\muhammad ghazi\source\repos\project\cppclr_winforms_gui3\cppclr_winforms_gui3\x64\debug\cppclr_w.290cbbab.tlog\resgen.write.1.tlog
